<?xml version="1.0" encoding="UTF-8"?>
<!-- Generated by org.testng.reporters.JUnitXMLReporter -->
<testsuite hostname="win" name="Command line test" tests="3" failures="0" timestamp="5 Dec 2018 20:22:43 GMT" time="87.256" errors="0">
  <testcase name="loginpagetitletest" time="0.082" classname="com.qa.test.TestPageLogin"/>
  <testcase name="logoimagetest" time="2.403" classname="com.qa.test.TestPageLogin"/>
  <testcase name="signintest" time="11.324" classname="com.qa.test.TestPageLogin"/>
</testsuite> <!-- Command line test -->
